Added Component: Designator=C1_CELL_4(0603 - Capacitor)
Add component (AddParameter): Name = "Manufacturer"; Value = ""; VariantName = "[No Variations]"
Add component (AddParameter): Name = "Manufacturer Part Number"; Value = ""; VariantName = "[No Variations]"
Add component (AddParameter): Name = "Rating"; Value = ""; VariantName = "[No Variations]"
Add component (AddParameter): Name = "Supplier"; Value = ""; VariantName = "[No Variations]"
Add component (AddParameter): Name = "Supplier Part Number"; Value = ""; VariantName = "[No Variations]"
Add component (AddParameter): Name = "Value"; Value = "10n"; VariantName = "[No Variations]"
Added Component: Designator=C1_CELL_5(0603 - Capacitor)
Add component (AddParameter): Name = "Manufacturer"; Value = ""; VariantName = "[No Variations]"
Add component (AddParameter): Name = "Manufacturer Part Number"; Value = ""; VariantName = "[No Variations]"
Add component (AddParameter): Name = "Rating"; Value = ""; VariantName = "[No Variations]"
Add component (AddParameter): Name = "Supplier"; Value = ""; VariantName = "[No Variations]"
Add component (AddParameter): Name = "Supplier Part Number"; Value = ""; VariantName = "[No Variations]"
Add component (AddParameter): Name = "Value"; Value = "10n"; VariantName = "[No Variations]"
Added Component: Designator=C1_CELL_6(0603 - Capacitor)
Add component (AddParameter): Name = "Manufacturer"; Value = ""; VariantName = "[No Variations]"
Add component (AddParameter): Name = "Manufacturer Part Number"; Value = ""; VariantName = "[No Variations]"
Add component (AddParameter): Name = "Rating"; Value = ""; VariantName = "[No Variations]"
Add component (AddParameter): Name = "Supplier"; Value = ""; VariantName = "[No Variations]"
Add component (AddParameter): Name = "Supplier Part Number"; Value = ""; VariantName = "[No Variations]"
Add component (AddParameter): Name = "Value"; Value = "10n"; VariantName = "[No Variations]"
Added Component: Designator=C1_CELL_7(0603 - Capacitor)
Add component (AddParameter): Name = "Manufacturer"; Value = ""; VariantName = "[No Variations]"
Add component (AddParameter): Name = "Manufacturer Part Number"; Value = ""; VariantName = "[No Variations]"
Add component (AddParameter): Name = "Rating"; Value = ""; VariantName = "[No Variations]"
Add component (AddParameter): Name = "Supplier"; Value = ""; VariantName = "[No Variations]"
Add component (AddParameter): Name = "Supplier Part Number"; Value = ""; VariantName = "[No Variations]"
Add component (AddParameter): Name = "Value"; Value = "10n"; VariantName = "[No Variations]"
Added Component: Designator=C1_CELL_8(0603 - Capacitor)
Add component (AddParameter): Name = "Manufacturer"; Value = ""; VariantName = "[No Variations]"
Add component (AddParameter): Name = "Manufacturer Part Number"; Value = ""; VariantName = "[No Variations]"
Add component (AddParameter): Name = "Rating"; Value = ""; VariantName = "[No Variations]"
Add component (AddParameter): Name = "Supplier"; Value = ""; VariantName = "[No Variations]"
Add component (AddParameter): Name = "Supplier Part Number"; Value = ""; VariantName = "[No Variations]"
Add component (AddParameter): Name = "Value"; Value = "10n"; VariantName = "[No Variations]"
Added Component: Designator=C1_CELL_9(0603 - Capacitor)
Add component (AddParameter): Name = "Manufacturer"; Value = ""; VariantName = "[No Variations]"
Add component (AddParameter): Name = "Manufacturer Part Number"; Value = ""; VariantName = "[No Variations]"
Add component (AddParameter): Name = "Rating"; Value = ""; VariantName = "[No Variations]"
Add component (AddParameter): Name = "Supplier"; Value = ""; VariantName = "[No Variations]"
Add component (AddParameter): Name = "Supplier Part Number"; Value = ""; VariantName = "[No Variations]"
Add component (AddParameter): Name = "Value"; Value = "10n"; VariantName = "[No Variations]"
Added Component: Designator=C1_CELL_10(0603 - Capacitor)
Add component (AddParameter): Name = "Manufacturer"; Value = ""; VariantName = "[No Variations]"
Add component (AddParameter): Name = "Manufacturer Part Number"; Value = ""; VariantName = "[No Variations]"
Add component (AddParameter): Name = "Rating"; Value = ""; VariantName = "[No Variations]"
Add component (AddParameter): Name = "Supplier"; Value = ""; VariantName = "[No Variations]"
Add component (AddParameter): Name = "Supplier Part Number"; Value = ""; VariantName = "[No Variations]"
Add component (AddParameter): Name = "Value"; Value = "10n"; VariantName = "[No Variations]"
Added Component: Designator=C1_CELL_11(0603 - Capacitor)
Add component (AddParameter): Name = "Manufacturer"; Value = ""; VariantName = "[No Variations]"
Add component (AddParameter): Name = "Manufacturer Part Number"; Value = ""; VariantName = "[No Variations]"
Add component (AddParameter): Name = "Rating"; Value = ""; VariantName = "[No Variations]"
Add component (AddParameter): Name = "Supplier"; Value = ""; VariantName = "[No Variations]"
Add component (AddParameter): Name = "Supplier Part Number"; Value = ""; VariantName = "[No Variations]"
Add component (AddParameter): Name = "Value"; Value = "10n"; VariantName = "[No Variations]"
Added Component: Designator=R1_CELL_4(0805 - Resistor)
Add component (AddParameter): Name = "Manufacturer"; Value = ""; VariantName = "[No Variations]"
Add component (AddParameter): Name = "Manufacturer Part Number"; Value = ""; VariantName = "[No Variations]"
Add component (AddParameter): Name = "Rating"; Value = ""; VariantName = "[No Variations]"
Add component (AddParameter): Name = "Supplier"; Value = ""; VariantName = "[No Variations]"
Add component (AddParameter): Name = "Supplier Part Number"; Value = ""; VariantName = "[No Variations]"
Add component (AddParameter): Name = "Value"; Value = "100"; VariantName = "[No Variations]"
Added Component: Designator=R1_CELL_5(0805 - Resistor)
Add component (AddParameter): Name = "Manufacturer"; Value = ""; VariantName = "[No Variations]"
Add component (AddParameter): Name = "Manufacturer Part Number"; Value = ""; VariantName = "[No Variations]"
Add component (AddParameter): Name = "Rating"; Value = ""; VariantName = "[No Variations]"
Add component (AddParameter): Name = "Supplier"; Value = ""; VariantName = "[No Variations]"
Add component (AddParameter): Name = "Supplier Part Number"; Value = ""; VariantName = "[No Variations]"
Add component (AddParameter): Name = "Value"; Value = "100"; VariantName = "[No Variations]"
Added Component: Designator=R1_CELL_6(0805 - Resistor)
Add component (AddParameter): Name = "Manufacturer"; Value = ""; VariantName = "[No Variations]"
Add component (AddParameter): Name = "Manufacturer Part Number"; Value = ""; VariantName = "[No Variations]"
Add component (AddParameter): Name = "Rating"; Value = ""; VariantName = "[No Variations]"
Add component (AddParameter): Name = "Supplier"; Value = ""; VariantName = "[No Variations]"
Add component (AddParameter): Name = "Supplier Part Number"; Value = ""; VariantName = "[No Variations]"
Add component (AddParameter): Name = "Value"; Value = "100"; VariantName = "[No Variations]"
Added Component: Designator=R1_CELL_7(0805 - Resistor)
Add component (AddParameter): Name = "Manufacturer"; Value = ""; VariantName = "[No Variations]"
Add component (AddParameter): Name = "Manufacturer Part Number"; Value = ""; VariantName = "[No Variations]"
Add component (AddParameter): Name = "Rating"; Value = ""; VariantName = "[No Variations]"
Add component (AddParameter): Name = "Supplier"; Value = ""; VariantName = "[No Variations]"
Add component (AddParameter): Name = "Supplier Part Number"; Value = ""; VariantName = "[No Variations]"
Add component (AddParameter): Name = "Value"; Value = "100"; VariantName = "[No Variations]"
Added Component: Designator=R1_CELL_8(0805 - Resistor)
Add component (AddParameter): Name = "Manufacturer"; Value = ""; VariantName = "[No Variations]"
Add component (AddParameter): Name = "Manufacturer Part Number"; Value = ""; VariantName = "[No Variations]"
Add component (AddParameter): Name = "Rating"; Value = ""; VariantName = "[No Variations]"
Add component (AddParameter): Name = "Supplier"; Value = ""; VariantName = "[No Variations]"
Add component (AddParameter): Name = "Supplier Part Number"; Value = ""; VariantName = "[No Variations]"
Add component (AddParameter): Name = "Value"; Value = "100"; VariantName = "[No Variations]"
Added Component: Designator=R1_CELL_9(0805 - Resistor)
Add component (AddParameter): Name = "Manufacturer"; Value = ""; VariantName = "[No Variations]"
Add component (AddParameter): Name = "Manufacturer Part Number"; Value = ""; VariantName = "[No Variations]"
Add component (AddParameter): Name = "Rating"; Value = ""; VariantName = "[No Variations]"
Add component (AddParameter): Name = "Supplier"; Value = ""; VariantName = "[No Variations]"
Add component (AddParameter): Name = "Supplier Part Number"; Value = ""; VariantName = "[No Variations]"
Add component (AddParameter): Name = "Value"; Value = "100"; VariantName = "[No Variations]"
Added Component: Designator=R1_CELL_10(0805 - Resistor)
Add component (AddParameter): Name = "Manufacturer"; Value = ""; VariantName = "[No Variations]"
Add component (AddParameter): Name = "Manufacturer Part Number"; Value = ""; VariantName = "[No Variations]"
Add component (AddParameter): Name = "Rating"; Value = ""; VariantName = "[No Variations]"
Add component (AddParameter): Name = "Supplier"; Value = ""; VariantName = "[No Variations]"
Add component (AddParameter): Name = "Supplier Part Number"; Value = ""; VariantName = "[No Variations]"
Add component (AddParameter): Name = "Value"; Value = "100"; VariantName = "[No Variations]"
Added Component: Designator=R1_CELL_11(0805 - Resistor)
Add component (AddParameter): Name = "Manufacturer"; Value = ""; VariantName = "[No Variations]"
Add component (AddParameter): Name = "Manufacturer Part Number"; Value = ""; VariantName = "[No Variations]"
Add component (AddParameter): Name = "Rating"; Value = ""; VariantName = "[No Variations]"
Add component (AddParameter): Name = "Supplier"; Value = ""; VariantName = "[No Variations]"
Add component (AddParameter): Name = "Supplier Part Number"; Value = ""; VariantName = "[No Variations]"
Add component (AddParameter): Name = "Value"; Value = "100"; VariantName = "[No Variations]"
Added Component: Designator=R2_CELL_4(0805 - Resistor)
Add component (AddParameter): Name = "Manufacturer"; Value = ""; VariantName = "[No Variations]"
Add component (AddParameter): Name = "Manufacturer Part Number"; Value = ""; VariantName = "[No Variations]"
Add component (AddParameter): Name = "Rating"; Value = ""; VariantName = "[No Variations]"
Add component (AddParameter): Name = "Supplier"; Value = ""; VariantName = "[No Variations]"
Add component (AddParameter): Name = "Supplier Part Number"; Value = ""; VariantName = "[No Variations]"
Add component (AddParameter): Name = "Value"; Value = "75"; VariantName = "[No Variations]"
Added Component: Designator=R2_CELL_5(0805 - Resistor)
Add component (AddParameter): Name = "Manufacturer"; Value = ""; VariantName = "[No Variations]"
Add component (AddParameter): Name = "Manufacturer Part Number"; Value = ""; VariantName = "[No Variations]"
Add component (AddParameter): Name = "Rating"; Value = ""; VariantName = "[No Variations]"
Add component (AddParameter): Name = "Supplier"; Value = ""; VariantName = "[No Variations]"
Add component (AddParameter): Name = "Supplier Part Number"; Value = ""; VariantName = "[No Variations]"
Add component (AddParameter): Name = "Value"; Value = "75"; VariantName = "[No Variations]"
Added Component: Designator=R2_CELL_6(0805 - Resistor)
Add component (AddParameter): Name = "Manufacturer"; Value = ""; VariantName = "[No Variations]"
Add component (AddParameter): Name = "Manufacturer Part Number"; Value = ""; VariantName = "[No Variations]"
Add component (AddParameter): Name = "Rating"; Value = ""; VariantName = "[No Variations]"
Add component (AddParameter): Name = "Supplier"; Value = ""; VariantName = "[No Variations]"
Add component (AddParameter): Name = "Supplier Part Number"; Value = ""; VariantName = "[No Variations]"
Add component (AddParameter): Name = "Value"; Value = "75"; VariantName = "[No Variations]"
Added Component: Designator=R2_CELL_7(0805 - Resistor)
Add component (AddParameter): Name = "Manufacturer"; Value = ""; VariantName = "[No Variations]"
Add component (AddParameter): Name = "Manufacturer Part Number"; Value = ""; VariantName = "[No Variations]"
Add component (AddParameter): Name = "Rating"; Value = ""; VariantName = "[No Variations]"
Add component (AddParameter): Name = "Supplier"; Value = ""; VariantName = "[No Variations]"
Add component (AddParameter): Name = "Supplier Part Number"; Value = ""; VariantName = "[No Variations]"
Add component (AddParameter): Name = "Value"; Value = "75"; VariantName = "[No Variations]"
Added Component: Designator=R2_CELL_8(0805 - Resistor)
Add component (AddParameter): Name = "Manufacturer"; Value = ""; VariantName = "[No Variations]"
Add component (AddParameter): Name = "Manufacturer Part Number"; Value = ""; VariantName = "[No Variations]"
Add component (AddParameter): Name = "Rating"; Value = ""; VariantName = "[No Variations]"
Add component (AddParameter): Name = "Supplier"; Value = ""; VariantName = "[No Variations]"
Add component (AddParameter): Name = "Supplier Part Number"; Value = ""; VariantName = "[No Variations]"
Add component (AddParameter): Name = "Value"; Value = "75"; VariantName = "[No Variations]"
Added Component: Designator=R2_CELL_9(0805 - Resistor)
Add component (AddParameter): Name = "Manufacturer"; Value = ""; VariantName = "[No Variations]"
Add component (AddParameter): Name = "Manufacturer Part Number"; Value = ""; VariantName = "[No Variations]"
Add component (AddParameter): Name = "Rating"; Value = ""; VariantName = "[No Variations]"
Add component (AddParameter): Name = "Supplier"; Value = ""; VariantName = "[No Variations]"
Add component (AddParameter): Name = "Supplier Part Number"; Value = ""; VariantName = "[No Variations]"
Add component (AddParameter): Name = "Value"; Value = "75"; VariantName = "[No Variations]"
Added Component: Designator=R2_CELL_10(0805 - Resistor)
Add component (AddParameter): Name = "Manufacturer"; Value = ""; VariantName = "[No Variations]"
Add component (AddParameter): Name = "Manufacturer Part Number"; Value = ""; VariantName = "[No Variations]"
Add component (AddParameter): Name = "Rating"; Value = ""; VariantName = "[No Variations]"
Add component (AddParameter): Name = "Supplier"; Value = ""; VariantName = "[No Variations]"
Add component (AddParameter): Name = "Supplier Part Number"; Value = ""; VariantName = "[No Variations]"
Add component (AddParameter): Name = "Value"; Value = "75"; VariantName = "[No Variations]"
Added Component: Designator=R2_CELL_11(0805 - Resistor)
Add component (AddParameter): Name = "Manufacturer"; Value = ""; VariantName = "[No Variations]"
Add component (AddParameter): Name = "Manufacturer Part Number"; Value = ""; VariantName = "[No Variations]"
Add component (AddParameter): Name = "Rating"; Value = ""; VariantName = "[No Variations]"
Add component (AddParameter): Name = "Supplier"; Value = ""; VariantName = "[No Variations]"
Add component (AddParameter): Name = "Supplier Part Number"; Value = ""; VariantName = "[No Variations]"
Add component (AddParameter): Name = "Value"; Value = "75"; VariantName = "[No Variations]"
Added Pin To Net: NetName=C3_+ Pin=C1_CELL_4-1
Added Pin To Net: NetName=C4 Pin=C1_CELL_4-2
Added Pin To Net: NetName=C4_+ Pin=C1_CELL_5-1
Added Pin To Net: NetName=C5 Pin=C1_CELL_5-2
Added Pin To Net: NetName=C5_+ Pin=C1_CELL_6-1
Added Pin To Net: NetName=C6 Pin=C1_CELL_6-2
Added Pin To Net: NetName=C6_+ Pin=C1_CELL_7-1
Added Pin To Net: NetName=C7 Pin=C1_CELL_7-2
Added Pin To Net: NetName=C7_+ Pin=C1_CELL_8-1
Added Pin To Net: NetName=C8 Pin=C1_CELL_8-2
Added Pin To Net: NetName=C8_+ Pin=C1_CELL_9-1
Added Pin To Net: NetName=C9 Pin=C1_CELL_9-2
Added Pin To Net: NetName=C9_+ Pin=C1_CELL_10-1
Added Pin To Net: NetName=C10 Pin=C1_CELL_10-2
Added Pin To Net: NetName=C10_+ Pin=C1_CELL_11-1
Added Pin To Net: NetName=C11 Pin=C1_CELL_11-2
Added Pin To Net: NetName=C4 Pin=R1_CELL_4-1
Added Pin To Net: NetName=C4_+ Pin=R1_CELL_4-2
Added Pin To Net: NetName=C5 Pin=R1_CELL_5-1
Added Pin To Net: NetName=C5_+ Pin=R1_CELL_5-2
Added Pin To Net: NetName=C6 Pin=R1_CELL_6-1
Added Pin To Net: NetName=C6_+ Pin=R1_CELL_6-2
Added Pin To Net: NetName=C7 Pin=R1_CELL_7-1
Added Pin To Net: NetName=C7_+ Pin=R1_CELL_7-2
Added Pin To Net: NetName=C8 Pin=R1_CELL_8-1
Added Pin To Net: NetName=C8_+ Pin=R1_CELL_8-2
Added Pin To Net: NetName=C9 Pin=R1_CELL_9-1
Added Pin To Net: NetName=C9_+ Pin=R1_CELL_9-2
Added Pin To Net: NetName=C10 Pin=R1_CELL_10-1
Added Pin To Net: NetName=C10_+ Pin=R1_CELL_10-2
Added Pin To Net: NetName=C11 Pin=R1_CELL_11-1
Added Pin To Net: NetName=C11_+ Pin=R1_CELL_11-2
Added Pin To Net: NetName=S4 Pin=R2_CELL_4-1
Added Pin To Net: NetName=C4_+ Pin=R2_CELL_4-2
Added Pin To Net: NetName=S5 Pin=R2_CELL_5-1
Added Pin To Net: NetName=C5_+ Pin=R2_CELL_5-2
Added Pin To Net: NetName=S6 Pin=R2_CELL_6-1
Added Pin To Net: NetName=C6_+ Pin=R2_CELL_6-2
Added Pin To Net: NetName=S7 Pin=R2_CELL_7-1
Added Pin To Net: NetName=C7_+ Pin=R2_CELL_7-2
Added Pin To Net: NetName=S8 Pin=R2_CELL_8-1
Added Pin To Net: NetName=C8_+ Pin=R2_CELL_8-2
Added Pin To Net: NetName=S9 Pin=R2_CELL_9-1
Added Pin To Net: NetName=C9_+ Pin=R2_CELL_9-2
Added Pin To Net: NetName=S10 Pin=R2_CELL_10-1
Added Pin To Net: NetName=C10_+ Pin=R2_CELL_10-2
Added Pin To Net: NetName=S11 Pin=R2_CELL_11-1
Added Pin To Net: NetName=C11_+ Pin=R2_CELL_11-2
Added Member To Class: ClassName=CELL_4 Member=Component C1_CELL_4 (C1) Capacitor - Nonpolarized
Added Member To Class: ClassName=CELL_5 Member=Component C1_CELL_5 (C1) Capacitor - Nonpolarized
Added Member To Class: ClassName=CELL_6 Member=Component C1_CELL_6 (C1) Capacitor - Nonpolarized
Added Member To Class: ClassName=CELL_7 Member=Component C1_CELL_7 (C1) Capacitor - Nonpolarized
Added Member To Class: ClassName=CELL_8 Member=Component C1_CELL_8 (C1) Capacitor - Nonpolarized
Added Member To Class: ClassName=CELL_9 Member=Component C1_CELL_9 (C1) Capacitor - Nonpolarized
Added Member To Class: ClassName=CELL_10 Member=Component C1_CELL_10 (C1) Capacitor - Nonpolarized
Added Member To Class: ClassName=CELL_11 Member=Component C1_CELL_11 (C1) Capacitor - Nonpolarized
Added Member To Class: ClassName=CELL_4 Member=Component R1_CELL_4 (R1) Resistor
Added Member To Class: ClassName=CELL_5 Member=Component R1_CELL_5 (R1) Resistor
Added Member To Class: ClassName=CELL_6 Member=Component R1_CELL_6 (R1) Resistor
Added Member To Class: ClassName=CELL_7 Member=Component R1_CELL_7 (R1) Resistor
Added Member To Class: ClassName=CELL_8 Member=Component R1_CELL_8 (R1) Resistor
Added Member To Class: ClassName=CELL_9 Member=Component R1_CELL_9 (R1) Resistor
Added Member To Class: ClassName=CELL_10 Member=Component R1_CELL_10 (R1) Resistor
Added Member To Class: ClassName=CELL_11 Member=Component R1_CELL_11 (R1) Resistor
Added Member To Class: ClassName=CELL_4 Member=Component R2_CELL_4 (R2) Resistor
Added Member To Class: ClassName=CELL_5 Member=Component R2_CELL_5 (R2) Resistor
Added Member To Class: ClassName=CELL_6 Member=Component R2_CELL_6 (R2) Resistor
Added Member To Class: ClassName=CELL_7 Member=Component R2_CELL_7 (R2) Resistor
Added Member To Class: ClassName=CELL_8 Member=Component R2_CELL_8 (R2) Resistor
Added Member To Class: ClassName=CELL_9 Member=Component R2_CELL_9 (R2) Resistor
Added Member To Class: ClassName=CELL_10 Member=Component R2_CELL_10 (R2) Resistor
Added Member To Class: ClassName=CELL_11 Member=Component R2_CELL_11 (R2) Resistor
Added Room: Name=CELL_4
Added Room: Name=CELL_5
Added Room: Name=CELL_6
Added Room: Name=CELL_7
Added Room: Name=CELL_8
Added Room: Name=CELL_9
Added Room: Name=CELL_10
Added Room: Name=CELL_11
