Removed Pin From Net: NetName=C6_+ Pin=J3-1
Removed Pin From Net: NetName=C7_+ Pin=J3-2
Removed Pin From Net: NetName=C8_+ Pin=J3-3
Removed Pin From Net: NetName=C9_+ Pin=J3-4
Removed Pin From Net: NetName=C10_+ Pin=J3-5
Removed Pin From Net: NetName=C11 Pin=J3-6
Removed Pin From Net: NetName=GND Pin=J4-1
Removed Pin From Net: NetName=C1_+ Pin=J4-2
Removed Pin From Net: NetName=C2_+ Pin=J4-3
Removed Pin From Net: NetName=C3_+ Pin=J4-4
Removed Pin From Net: NetName=C4_+ Pin=J4-5
Removed Pin From Net: NetName=C5_+ Pin=J4-6
Added Pin To Net: NetName=C11 Pin=J3-1
Added Pin To Net: NetName=C10_+ Pin=J3-2
Added Pin To Net: NetName=C9_+ Pin=J3-3
Added Pin To Net: NetName=C8_+ Pin=J3-4
Added Pin To Net: NetName=C7_+ Pin=J3-5
Added Pin To Net: NetName=C6_+ Pin=J3-6
Added Pin To Net: NetName=C5_+ Pin=J4-1
Added Pin To Net: NetName=C4_+ Pin=J4-2
Added Pin To Net: NetName=C3_+ Pin=J4-3
Added Pin To Net: NetName=C2_+ Pin=J4-4
Added Pin To Net: NetName=C1_+ Pin=J4-5
Added Pin To Net: NetName=GND Pin=J4-6
