Removed Pin From Net: NetName=C11 Pin=C1_CELL11-2
Removed Pin From Net: NetName=C11 Pin=J3-1
Removed Pin From Net: NetName=ISO_IA_P Pin=J6-4
Removed Pin From Net: NetName=C11 Pin=R1_CELL11-1
Removed Pin From Net: NetName=C11 Pin=R1_CELL11-2
Removed Pin From Net: NetName=S11 Pin=R2_CELL11-1
Removed Pin From Net: NetName=C11 Pin=R2_CELL11-2
Removed Pin From Net: NetName=C10 Pin=R4_CELL11-1
Removed Pin From Net: NetName=C11 Pin=R16-1
Removed Pin From Net: NetName=NetR7_1 Pin=U1-2
Removed Member From Class: ClassName=Cell Balancing Member=CELL1
Removed Member From Class: ClassName=Cell Balancing Member=CELL2
Removed Member From Class: ClassName=Cell Balancing Member=CELL3
Removed Member From Class: ClassName=Cell Balancing Member=CELL4
Removed Member From Class: ClassName=Cell Balancing Member=CELL5
Removed Member From Class: ClassName=Cell Balancing Member=CELL6
Removed Member From Class: ClassName=Cell Balancing Member=CELL7
Removed Member From Class: ClassName=Cell Balancing Member=CELL8
Removed Member From Class: ClassName=Cell Balancing Member=CELL9
Removed Member From Class: ClassName=Cell Balancing Member=CELL10
Removed Member From Class: ClassName=Cell Balancing Member=CELL11
Added Component: Designator=C1_CELL_1(0603 - Capacitor)
Add component (AddParameter): Name = "Manufacturer"; Value = ""; VariantName = "[No Variations]"
Add component (AddParameter): Name = "Manufacturer Part Number"; Value = ""; VariantName = "[No Variations]"
Add component (AddParameter): Name = "Rating"; Value = ""; VariantName = "[No Variations]"
Add component (AddParameter): Name = "Supplier"; Value = ""; VariantName = "[No Variations]"
Add component (AddParameter): Name = "Supplier Part Number"; Value = ""; VariantName = "[No Variations]"
Add component (AddParameter): Name = "Value"; Value = "10n"; VariantName = "[No Variations]"
Added Component: Designator=C1_CELL_2(0603 - Capacitor)
Add component (AddParameter): Name = "Manufacturer"; Value = ""; VariantName = "[No Variations]"
Add component (AddParameter): Name = "Manufacturer Part Number"; Value = ""; VariantName = "[No Variations]"
Add component (AddParameter): Name = "Rating"; Value = ""; VariantName = "[No Variations]"
Add component (AddParameter): Name = "Supplier"; Value = ""; VariantName = "[No Variations]"
Add component (AddParameter): Name = "Supplier Part Number"; Value = ""; VariantName = "[No Variations]"
Add component (AddParameter): Name = "Value"; Value = "10n"; VariantName = "[No Variations]"
Added Component: Designator=C1_CELL_3(0603 - Capacitor)
Add component (AddParameter): Name = "Manufacturer"; Value = ""; VariantName = "[No Variations]"
Add component (AddParameter): Name = "Manufacturer Part Number"; Value = ""; VariantName = "[No Variations]"
Add component (AddParameter): Name = "Rating"; Value = ""; VariantName = "[No Variations]"
Add component (AddParameter): Name = "Supplier"; Value = ""; VariantName = "[No Variations]"
Add component (AddParameter): Name = "Supplier Part Number"; Value = ""; VariantName = "[No Variations]"
Add component (AddParameter): Name = "Value"; Value = "10n"; VariantName = "[No Variations]"
Added Component: Designator=C1_CELL_4(0603 - Capacitor)
Add component (AddParameter): Name = "Manufacturer"; Value = ""; VariantName = "[No Variations]"
Add component (AddParameter): Name = "Manufacturer Part Number"; Value = ""; VariantName = "[No Variations]"
Add component (AddParameter): Name = "Rating"; Value = ""; VariantName = "[No Variations]"
Add component (AddParameter): Name = "Supplier"; Value = ""; VariantName = "[No Variations]"
Add component (AddParameter): Name = "Supplier Part Number"; Value = ""; VariantName = "[No Variations]"
Add component (AddParameter): Name = "Value"; Value = "10n"; VariantName = "[No Variations]"
Added Component: Designator=C1_CELL_5(0603 - Capacitor)
Add component (AddParameter): Name = "Manufacturer"; Value = ""; VariantName = "[No Variations]"
Add component (AddParameter): Name = "Manufacturer Part Number"; Value = ""; VariantName = "[No Variations]"
Add component (AddParameter): Name = "Rating"; Value = ""; VariantName = "[No Variations]"
Add component (AddParameter): Name = "Supplier"; Value = ""; VariantName = "[No Variations]"
Add component (AddParameter): Name = "Supplier Part Number"; Value = ""; VariantName = "[No Variations]"
Add component (AddParameter): Name = "Value"; Value = "10n"; VariantName = "[No Variations]"
Added Component: Designator=C1_CELL_6(0603 - Capacitor)
Add component (AddParameter): Name = "Manufacturer"; Value = ""; VariantName = "[No Variations]"
Add component (AddParameter): Name = "Manufacturer Part Number"; Value = ""; VariantName = "[No Variations]"
Add component (AddParameter): Name = "Rating"; Value = ""; VariantName = "[No Variations]"
Add component (AddParameter): Name = "Supplier"; Value = ""; VariantName = "[No Variations]"
Add component (AddParameter): Name = "Supplier Part Number"; Value = ""; VariantName = "[No Variations]"
Add component (AddParameter): Name = "Value"; Value = "10n"; VariantName = "[No Variations]"
Added Component: Designator=C1_CELL_7(0603 - Capacitor)
Add component (AddParameter): Name = "Manufacturer"; Value = ""; VariantName = "[No Variations]"
Add component (AddParameter): Name = "Manufacturer Part Number"; Value = ""; VariantName = "[No Variations]"
Add component (AddParameter): Name = "Rating"; Value = ""; VariantName = "[No Variations]"
Add component (AddParameter): Name = "Supplier"; Value = ""; VariantName = "[No Variations]"
Add component (AddParameter): Name = "Supplier Part Number"; Value = ""; VariantName = "[No Variations]"
Add component (AddParameter): Name = "Value"; Value = "10n"; VariantName = "[No Variations]"
Added Component: Designator=C1_CELL_8(0603 - Capacitor)
Add component (AddParameter): Name = "Manufacturer"; Value = ""; VariantName = "[No Variations]"
Add component (AddParameter): Name = "Manufacturer Part Number"; Value = ""; VariantName = "[No Variations]"
Add component (AddParameter): Name = "Rating"; Value = ""; VariantName = "[No Variations]"
Add component (AddParameter): Name = "Supplier"; Value = ""; VariantName = "[No Variations]"
Add component (AddParameter): Name = "Supplier Part Number"; Value = ""; VariantName = "[No Variations]"
Add component (AddParameter): Name = "Value"; Value = "10n"; VariantName = "[No Variations]"
Added Component: Designator=C1_CELL_9(0603 - Capacitor)
Add component (AddParameter): Name = "Manufacturer"; Value = ""; VariantName = "[No Variations]"
Add component (AddParameter): Name = "Manufacturer Part Number"; Value = ""; VariantName = "[No Variations]"
Add component (AddParameter): Name = "Rating"; Value = ""; VariantName = "[No Variations]"
Add component (AddParameter): Name = "Supplier"; Value = ""; VariantName = "[No Variations]"
Add component (AddParameter): Name = "Supplier Part Number"; Value = ""; VariantName = "[No Variations]"
Add component (AddParameter): Name = "Value"; Value = "10n"; VariantName = "[No Variations]"
Added Component: Designator=C1_CELL_10(0603 - Capacitor)
Add component (AddParameter): Name = "Manufacturer"; Value = ""; VariantName = "[No Variations]"
Add component (AddParameter): Name = "Manufacturer Part Number"; Value = ""; VariantName = "[No Variations]"
Add component (AddParameter): Name = "Rating"; Value = ""; VariantName = "[No Variations]"
Add component (AddParameter): Name = "Supplier"; Value = ""; VariantName = "[No Variations]"
Add component (AddParameter): Name = "Supplier Part Number"; Value = ""; VariantName = "[No Variations]"
Add component (AddParameter): Name = "Value"; Value = "10n"; VariantName = "[No Variations]"
Added Component: Designator=C1_CELL_11(0603 - Capacitor)
Add component (AddParameter): Name = "Manufacturer"; Value = ""; VariantName = "[No Variations]"
Add component (AddParameter): Name = "Manufacturer Part Number"; Value = ""; VariantName = "[No Variations]"
Add component (AddParameter): Name = "Rating"; Value = ""; VariantName = "[No Variations]"
Add component (AddParameter): Name = "Supplier"; Value = ""; VariantName = "[No Variations]"
Add component (AddParameter): Name = "Supplier Part Number"; Value = ""; VariantName = "[No Variations]"
Add component (AddParameter): Name = "Value"; Value = "10n"; VariantName = "[No Variations]"
Added Component: Designator=R1_CELL_1(0805 - Resistor)
Add component (AddParameter): Name = "Manufacturer"; Value = ""; VariantName = "[No Variations]"
Add component (AddParameter): Name = "Manufacturer Part Number"; Value = ""; VariantName = "[No Variations]"
Add component (AddParameter): Name = "Rating"; Value = ""; VariantName = "[No Variations]"
Add component (AddParameter): Name = "Supplier"; Value = ""; VariantName = "[No Variations]"
Add component (AddParameter): Name = "Supplier Part Number"; Value = ""; VariantName = "[No Variations]"
Add component (AddParameter): Name = "Value"; Value = "100"; VariantName = "[No Variations]"
Added Component: Designator=R1_CELL_2(0805 - Resistor)
Add component (AddParameter): Name = "Manufacturer"; Value = ""; VariantName = "[No Variations]"
Add component (AddParameter): Name = "Manufacturer Part Number"; Value = ""; VariantName = "[No Variations]"
Add component (AddParameter): Name = "Rating"; Value = ""; VariantName = "[No Variations]"
Add component (AddParameter): Name = "Supplier"; Value = ""; VariantName = "[No Variations]"
Add component (AddParameter): Name = "Supplier Part Number"; Value = ""; VariantName = "[No Variations]"
Add component (AddParameter): Name = "Value"; Value = "100"; VariantName = "[No Variations]"
Added Component: Designator=R1_CELL_3(0805 - Resistor)
Add component (AddParameter): Name = "Manufacturer"; Value = ""; VariantName = "[No Variations]"
Add component (AddParameter): Name = "Manufacturer Part Number"; Value = ""; VariantName = "[No Variations]"
Add component (AddParameter): Name = "Rating"; Value = ""; VariantName = "[No Variations]"
Add component (AddParameter): Name = "Supplier"; Value = ""; VariantName = "[No Variations]"
Add component (AddParameter): Name = "Supplier Part Number"; Value = ""; VariantName = "[No Variations]"
Add component (AddParameter): Name = "Value"; Value = "100"; VariantName = "[No Variations]"
Added Component: Designator=R1_CELL_4(0805 - Resistor)
Add component (AddParameter): Name = "Manufacturer"; Value = ""; VariantName = "[No Variations]"
Add component (AddParameter): Name = "Manufacturer Part Number"; Value = ""; VariantName = "[No Variations]"
Add component (AddParameter): Name = "Rating"; Value = ""; VariantName = "[No Variations]"
Add component (AddParameter): Name = "Supplier"; Value = ""; VariantName = "[No Variations]"
Add component (AddParameter): Name = "Supplier Part Number"; Value = ""; VariantName = "[No Variations]"
Add component (AddParameter): Name = "Value"; Value = "100"; VariantName = "[No Variations]"
Added Component: Designator=R1_CELL_5(0805 - Resistor)
Add component (AddParameter): Name = "Manufacturer"; Value = ""; VariantName = "[No Variations]"
Add component (AddParameter): Name = "Manufacturer Part Number"; Value = ""; VariantName = "[No Variations]"
Add component (AddParameter): Name = "Rating"; Value = ""; VariantName = "[No Variations]"
Add component (AddParameter): Name = "Supplier"; Value = ""; VariantName = "[No Variations]"
Add component (AddParameter): Name = "Supplier Part Number"; Value = ""; VariantName = "[No Variations]"
Add component (AddParameter): Name = "Value"; Value = "100"; VariantName = "[No Variations]"
Added Component: Designator=R1_CELL_6(0805 - Resistor)
Add component (AddParameter): Name = "Manufacturer"; Value = ""; VariantName = "[No Variations]"
Add component (AddParameter): Name = "Manufacturer Part Number"; Value = ""; VariantName = "[No Variations]"
Add component (AddParameter): Name = "Rating"; Value = ""; VariantName = "[No Variations]"
Add component (AddParameter): Name = "Supplier"; Value = ""; VariantName = "[No Variations]"
Add component (AddParameter): Name = "Supplier Part Number"; Value = ""; VariantName = "[No Variations]"
Add component (AddParameter): Name = "Value"; Value = "100"; VariantName = "[No Variations]"
Added Component: Designator=R1_CELL_7(0805 - Resistor)
Add component (AddParameter): Name = "Manufacturer"; Value = ""; VariantName = "[No Variations]"
Add component (AddParameter): Name = "Manufacturer Part Number"; Value = ""; VariantName = "[No Variations]"
Add component (AddParameter): Name = "Rating"; Value = ""; VariantName = "[No Variations]"
Add component (AddParameter): Name = "Supplier"; Value = ""; VariantName = "[No Variations]"
Add component (AddParameter): Name = "Supplier Part Number"; Value = ""; VariantName = "[No Variations]"
Add component (AddParameter): Name = "Value"; Value = "100"; VariantName = "[No Variations]"
Added Component: Designator=R1_CELL_8(0805 - Resistor)
Add component (AddParameter): Name = "Manufacturer"; Value = ""; VariantName = "[No Variations]"
Add component (AddParameter): Name = "Manufacturer Part Number"; Value = ""; VariantName = "[No Variations]"
Add component (AddParameter): Name = "Rating"; Value = ""; VariantName = "[No Variations]"
Add component (AddParameter): Name = "Supplier"; Value = ""; VariantName = "[No Variations]"
Add component (AddParameter): Name = "Supplier Part Number"; Value = ""; VariantName = "[No Variations]"
Add component (AddParameter): Name = "Value"; Value = "100"; VariantName = "[No Variations]"
Added Component: Designator=R1_CELL_9(0805 - Resistor)
Add component (AddParameter): Name = "Manufacturer"; Value = ""; VariantName = "[No Variations]"
Add component (AddParameter): Name = "Manufacturer Part Number"; Value = ""; VariantName = "[No Variations]"
Add component (AddParameter): Name = "Rating"; Value = ""; VariantName = "[No Variations]"
Add component (AddParameter): Name = "Supplier"; Value = ""; VariantName = "[No Variations]"
Add component (AddParameter): Name = "Supplier Part Number"; Value = ""; VariantName = "[No Variations]"
Add component (AddParameter): Name = "Value"; Value = "100"; VariantName = "[No Variations]"
Added Component: Designator=R1_CELL_10(0805 - Resistor)
Add component (AddParameter): Name = "Manufacturer"; Value = ""; VariantName = "[No Variations]"
Add component (AddParameter): Name = "Manufacturer Part Number"; Value = ""; VariantName = "[No Variations]"
Add component (AddParameter): Name = "Rating"; Value = ""; VariantName = "[No Variations]"
Add component (AddParameter): Name = "Supplier"; Value = ""; VariantName = "[No Variations]"
Add component (AddParameter): Name = "Supplier Part Number"; Value = ""; VariantName = "[No Variations]"
Add component (AddParameter): Name = "Value"; Value = "100"; VariantName = "[No Variations]"
Added Component: Designator=R1_CELL_11(0805 - Resistor)
Add component (AddParameter): Name = "Manufacturer"; Value = ""; VariantName = "[No Variations]"
Add component (AddParameter): Name = "Manufacturer Part Number"; Value = ""; VariantName = "[No Variations]"
Add component (AddParameter): Name = "Rating"; Value = ""; VariantName = "[No Variations]"
Add component (AddParameter): Name = "Supplier"; Value = ""; VariantName = "[No Variations]"
Add component (AddParameter): Name = "Supplier Part Number"; Value = ""; VariantName = "[No Variations]"
Add component (AddParameter): Name = "Value"; Value = "100"; VariantName = "[No Variations]"
Added Component: Designator=R2_CELL_1(0805 - Resistor)
Add component (AddParameter): Name = "Manufacturer"; Value = ""; VariantName = "[No Variations]"
Add component (AddParameter): Name = "Manufacturer Part Number"; Value = ""; VariantName = "[No Variations]"
Add component (AddParameter): Name = "Rating"; Value = ""; VariantName = "[No Variations]"
Add component (AddParameter): Name = "Supplier"; Value = ""; VariantName = "[No Variations]"
Add component (AddParameter): Name = "Supplier Part Number"; Value = ""; VariantName = "[No Variations]"
Add component (AddParameter): Name = "Value"; Value = "75"; VariantName = "[No Variations]"
Added Component: Designator=R2_CELL_2(0805 - Resistor)
Add component (AddParameter): Name = "Manufacturer"; Value = ""; VariantName = "[No Variations]"
Add component (AddParameter): Name = "Manufacturer Part Number"; Value = ""; VariantName = "[No Variations]"
Add component (AddParameter): Name = "Rating"; Value = ""; VariantName = "[No Variations]"
Add component (AddParameter): Name = "Supplier"; Value = ""; VariantName = "[No Variations]"
Add component (AddParameter): Name = "Supplier Part Number"; Value = ""; VariantName = "[No Variations]"
Add component (AddParameter): Name = "Value"; Value = "75"; VariantName = "[No Variations]"
Added Component: Designator=R2_CELL_3(0805 - Resistor)
Add component (AddParameter): Name = "Manufacturer"; Value = ""; VariantName = "[No Variations]"
Add component (AddParameter): Name = "Manufacturer Part Number"; Value = ""; VariantName = "[No Variations]"
Add component (AddParameter): Name = "Rating"; Value = ""; VariantName = "[No Variations]"
Add component (AddParameter): Name = "Supplier"; Value = ""; VariantName = "[No Variations]"
Add component (AddParameter): Name = "Supplier Part Number"; Value = ""; VariantName = "[No Variations]"
Add component (AddParameter): Name = "Value"; Value = "75"; VariantName = "[No Variations]"
Added Component: Designator=R2_CELL_4(0805 - Resistor)
Add component (AddParameter): Name = "Manufacturer"; Value = ""; VariantName = "[No Variations]"
Add component (AddParameter): Name = "Manufacturer Part Number"; Value = ""; VariantName = "[No Variations]"
Add component (AddParameter): Name = "Rating"; Value = ""; VariantName = "[No Variations]"
Add component (AddParameter): Name = "Supplier"; Value = ""; VariantName = "[No Variations]"
Add component (AddParameter): Name = "Supplier Part Number"; Value = ""; VariantName = "[No Variations]"
Add component (AddParameter): Name = "Value"; Value = "75"; VariantName = "[No Variations]"
Added Component: Designator=R2_CELL_5(0805 - Resistor)
Add component (AddParameter): Name = "Manufacturer"; Value = ""; VariantName = "[No Variations]"
Add component (AddParameter): Name = "Manufacturer Part Number"; Value = ""; VariantName = "[No Variations]"
Add component (AddParameter): Name = "Rating"; Value = ""; VariantName = "[No Variations]"
Add component (AddParameter): Name = "Supplier"; Value = ""; VariantName = "[No Variations]"
Add component (AddParameter): Name = "Supplier Part Number"; Value = ""; VariantName = "[No Variations]"
Add component (AddParameter): Name = "Value"; Value = "75"; VariantName = "[No Variations]"
Added Component: Designator=R2_CELL_6(0805 - Resistor)
Add component (AddParameter): Name = "Manufacturer"; Value = ""; VariantName = "[No Variations]"
Add component (AddParameter): Name = "Manufacturer Part Number"; Value = ""; VariantName = "[No Variations]"
Add component (AddParameter): Name = "Rating"; Value = ""; VariantName = "[No Variations]"
Add component (AddParameter): Name = "Supplier"; Value = ""; VariantName = "[No Variations]"
Add component (AddParameter): Name = "Supplier Part Number"; Value = ""; VariantName = "[No Variations]"
Add component (AddParameter): Name = "Value"; Value = "75"; VariantName = "[No Variations]"
Added Component: Designator=R2_CELL_7(0805 - Resistor)
Add component (AddParameter): Name = "Manufacturer"; Value = ""; VariantName = "[No Variations]"
Add component (AddParameter): Name = "Manufacturer Part Number"; Value = ""; VariantName = "[No Variations]"
Add component (AddParameter): Name = "Rating"; Value = ""; VariantName = "[No Variations]"
Add component (AddParameter): Name = "Supplier"; Value = ""; VariantName = "[No Variations]"
Add component (AddParameter): Name = "Supplier Part Number"; Value = ""; VariantName = "[No Variations]"
Add component (AddParameter): Name = "Value"; Value = "75"; VariantName = "[No Variations]"
Added Component: Designator=R2_CELL_8(0805 - Resistor)
Add component (AddParameter): Name = "Manufacturer"; Value = ""; VariantName = "[No Variations]"
Add component (AddParameter): Name = "Manufacturer Part Number"; Value = ""; VariantName = "[No Variations]"
Add component (AddParameter): Name = "Rating"; Value = ""; VariantName = "[No Variations]"
Add component (AddParameter): Name = "Supplier"; Value = ""; VariantName = "[No Variations]"
Add component (AddParameter): Name = "Supplier Part Number"; Value = ""; VariantName = "[No Variations]"
Add component (AddParameter): Name = "Value"; Value = "75"; VariantName = "[No Variations]"
Added Component: Designator=R2_CELL_9(0805 - Resistor)
Add component (AddParameter): Name = "Manufacturer"; Value = ""; VariantName = "[No Variations]"
Add component (AddParameter): Name = "Manufacturer Part Number"; Value = ""; VariantName = "[No Variations]"
Add component (AddParameter): Name = "Rating"; Value = ""; VariantName = "[No Variations]"
Add component (AddParameter): Name = "Supplier"; Value = ""; VariantName = "[No Variations]"
Add component (AddParameter): Name = "Supplier Part Number"; Value = ""; VariantName = "[No Variations]"
Add component (AddParameter): Name = "Value"; Value = "75"; VariantName = "[No Variations]"
Added Component: Designator=R2_CELL_10(0805 - Resistor)
Add component (AddParameter): Name = "Manufacturer"; Value = ""; VariantName = "[No Variations]"
Add component (AddParameter): Name = "Manufacturer Part Number"; Value = ""; VariantName = "[No Variations]"
Add component (AddParameter): Name = "Rating"; Value = ""; VariantName = "[No Variations]"
Add component (AddParameter): Name = "Supplier"; Value = ""; VariantName = "[No Variations]"
Add component (AddParameter): Name = "Supplier Part Number"; Value = ""; VariantName = "[No Variations]"
Add component (AddParameter): Name = "Value"; Value = "75"; VariantName = "[No Variations]"
Added Component: Designator=R2_CELL_11(0805 - Resistor)
Add component (AddParameter): Name = "Manufacturer"; Value = ""; VariantName = "[No Variations]"
Add component (AddParameter): Name = "Manufacturer Part Number"; Value = ""; VariantName = "[No Variations]"
Add component (AddParameter): Name = "Rating"; Value = ""; VariantName = "[No Variations]"
Add component (AddParameter): Name = "Supplier"; Value = ""; VariantName = "[No Variations]"
Add component (AddParameter): Name = "Supplier Part Number"; Value = ""; VariantName = "[No Variations]"
Add component (AddParameter): Name = "Value"; Value = "75"; VariantName = "[No Variations]"
Added Pin To Net: NetName=GND Pin=C1_CELL_1-1
Added Pin To Net: NetName=C1 Pin=C1_CELL_1-2
Added Pin To Net: NetName=C1 Pin=C1_CELL_2-1
Added Pin To Net: NetName=C2 Pin=C1_CELL_2-2
Added Pin To Net: NetName=C2 Pin=C1_CELL_3-1
Added Pin To Net: NetName=C3 Pin=C1_CELL_3-2
Added Pin To Net: NetName=C3 Pin=C1_CELL_4-1
Added Pin To Net: NetName=C4 Pin=C1_CELL_4-2
Added Pin To Net: NetName=C4 Pin=C1_CELL_5-1
Added Pin To Net: NetName=C5 Pin=C1_CELL_5-2
Added Pin To Net: NetName=C5 Pin=C1_CELL_6-1
Added Pin To Net: NetName=C6 Pin=C1_CELL_6-2
Added Pin To Net: NetName=C6 Pin=C1_CELL_7-1
Added Pin To Net: NetName=C7 Pin=C1_CELL_7-2
Added Pin To Net: NetName=C7 Pin=C1_CELL_8-1
Added Pin To Net: NetName=C8 Pin=C1_CELL_8-2
Added Pin To Net: NetName=C8 Pin=C1_CELL_9-1
Added Pin To Net: NetName=C9 Pin=C1_CELL_9-2
Added Pin To Net: NetName=C9 Pin=C1_CELL_10-1
Added Pin To Net: NetName=C10 Pin=C1_CELL_10-2
Added Pin To Net: NetName=C10 Pin=C1_CELL_11-1
Added Pin To Net: NetName=GND Pin=C6-2
Added Pin To Net: NetName=C10 Pin=J3-2
Added Pin To Net: NetName=C9 Pin=J3-3
Added Pin To Net: NetName=C8 Pin=J3-4
Added Pin To Net: NetName=C7 Pin=J3-5
Added Pin To Net: NetName=C6 Pin=J3-6
Added Pin To Net: NetName=C5 Pin=J4-1
Added Pin To Net: NetName=C4 Pin=J4-2
Added Pin To Net: NetName=C3 Pin=J4-3
Added Pin To Net: NetName=C2 Pin=J4-4
Added Pin To Net: NetName=C1 Pin=J4-5
Added Pin To Net: NetName=ISO_IA_P Pin=J6-1
Added Pin To Net: NetName=C1 Pin=R1_CELL_1-1
Added Pin To Net: NetName=C1 Pin=R1_CELL_1-2
Added Pin To Net: NetName=C2 Pin=R1_CELL_2-1
Added Pin To Net: NetName=C2 Pin=R1_CELL_2-2
Added Pin To Net: NetName=C3 Pin=R1_CELL_3-1
Added Pin To Net: NetName=C3 Pin=R1_CELL_3-2
Added Pin To Net: NetName=C4 Pin=R1_CELL_4-1
Added Pin To Net: NetName=C4 Pin=R1_CELL_4-2
Added Pin To Net: NetName=C5 Pin=R1_CELL_5-1
Added Pin To Net: NetName=C5 Pin=R1_CELL_5-2
Added Pin To Net: NetName=C6 Pin=R1_CELL_6-1
Added Pin To Net: NetName=C6 Pin=R1_CELL_6-2
Added Pin To Net: NetName=C7 Pin=R1_CELL_7-1
Added Pin To Net: NetName=C7 Pin=R1_CELL_7-2
Added Pin To Net: NetName=C8 Pin=R1_CELL_8-1
Added Pin To Net: NetName=C8 Pin=R1_CELL_8-2
Added Pin To Net: NetName=C9 Pin=R1_CELL_9-1
Added Pin To Net: NetName=C9 Pin=R1_CELL_9-2
Added Pin To Net: NetName=C10 Pin=R1_CELL_10-1
Added Pin To Net: NetName=C10 Pin=R1_CELL_10-2
Added Pin To Net: NetName=C11 Pin=R1_CELL_11-1
Added Pin To Net: NetName=S1 Pin=R2_CELL_1-1
Added Pin To Net: NetName=C1 Pin=R2_CELL_1-2
Added Pin To Net: NetName=S2 Pin=R2_CELL_2-1
Added Pin To Net: NetName=C2 Pin=R2_CELL_2-2
Added Pin To Net: NetName=S3 Pin=R2_CELL_3-1
Added Pin To Net: NetName=C3 Pin=R2_CELL_3-2
Added Pin To Net: NetName=S4 Pin=R2_CELL_4-1
Added Pin To Net: NetName=C4 Pin=R2_CELL_4-2
Added Pin To Net: NetName=S5 Pin=R2_CELL_5-1
Added Pin To Net: NetName=C5 Pin=R2_CELL_5-2
Added Pin To Net: NetName=S6 Pin=R2_CELL_6-1
Added Pin To Net: NetName=C6 Pin=R2_CELL_6-2
Added Pin To Net: NetName=S7 Pin=R2_CELL_7-1
Added Pin To Net: NetName=C7 Pin=R2_CELL_7-2
Added Pin To Net: NetName=S8 Pin=R2_CELL_8-1
Added Pin To Net: NetName=C8 Pin=R2_CELL_8-2
Added Pin To Net: NetName=S9 Pin=R2_CELL_9-1
Added Pin To Net: NetName=C9 Pin=R2_CELL_9-2
Added Pin To Net: NetName=S10 Pin=R2_CELL_10-1
Added Pin To Net: NetName=C10 Pin=R2_CELL_10-2
Added Pin To Net: NetName=S11 Pin=R2_CELL_11-1
Added Pin To Net: NetName=C11 Pin=U1-2
Added Pin To Net: NetName=GND Pin=U1-26
Change Net Name : Old Net Name=GND New Net Name=C0
Added Pin To Net: NetName=C11+ Pin=C1_CELL_11-2
Added Pin To Net: NetName=C11+ Pin=J3-1
Added Pin To Net: NetName=C11+ Pin=R1_CELL_11-2
Added Pin To Net: NetName=C11+ Pin=R2_CELL_11-2
Added Pin To Net: NetName=C11+ Pin=R16-1
Added Net: Name=C11+
Added Pin To Net: NetName=NetJ6_4 Pin=J6-4
Added Net: Name=NetJ6_4
Added Class: Name=CELL_1
Added Class: Name=CELL_2
Added Class: Name=CELL_3
Added Class: Name=CELL_4
Added Class: Name=CELL_5
Added Class: Name=CELL_6
Added Class: Name=CELL_7
Added Class: Name=CELL_8
Added Class: Name=CELL_9
Added Class: Name=CELL_10
Added Class: Name=CELL_11
Added Member To Class: ClassName=Cell Balancing Member=CELL_1 (Cell Balancing.SchDoc)
Added Member To Class: ClassName=Cell Balancing Member=CELL_2 (Cell Balancing.SchDoc)
Added Member To Class: ClassName=Cell Balancing Member=CELL_3 (Cell Balancing.SchDoc)
Added Member To Class: ClassName=Cell Balancing Member=CELL_4 (Cell Balancing.SchDoc)
Added Member To Class: ClassName=Cell Balancing Member=CELL_5 (Cell Balancing.SchDoc)
Added Member To Class: ClassName=Cell Balancing Member=CELL_6 (Cell Balancing.SchDoc)
Added Member To Class: ClassName=Cell Balancing Member=CELL_7 (Cell Balancing.SchDoc)
Added Member To Class: ClassName=Cell Balancing Member=CELL_8 (Cell Balancing.SchDoc)
Added Member To Class: ClassName=Cell Balancing Member=CELL_9 (Cell Balancing.SchDoc)
Added Member To Class: ClassName=Cell Balancing Member=CELL_10 (Cell Balancing.SchDoc)
Added Member To Class: ClassName=Cell Balancing Member=CELL_11 (Cell Balancing.SchDoc)
Added Room: Name=CELL_1
Added Room: Name=CELL_2
Added Room: Name=CELL_3
Added Room: Name=CELL_4
Added Room: Name=CELL_5
Added Room: Name=CELL_6
Added Room: Name=CELL_7
Added Room: Name=CELL_8
Added Room: Name=CELL_9
Added Room: Name=CELL_10
Added Room: Name=CELL_11
