Removed Pin From Net: NetName=BGND Pin=P1-1
Removed Pin From Net: NetName=IOVCC Pin=P1-2
Removed Pin From Net: NetName=NetJ3_1 Pin=P2-3
Removed Pin From Net: NetName=NetJ3_2 Pin=P2-4
Removed Pin From Net: NetName=BGND Pin=R10-1
Removed Pin From Net: NetName=NetJ5_2 Pin=R10-2
Removed Pin From Net: NetName=IOVCC Pin=R13-1
Removed Pin From Net: NetName=NetJ3_1 Pin=R13-2
Removed Pin From Net: NetName=I1_N Pin=R17-1
Removed Pin From Net: NetName=I1_P Pin=R17-2
Removed Pin From Net: NetName=NetJ5_2 Pin=U1-38
Removed Pin From Net: NetName=BGND Pin=U1-41
Removed Member From Class: ClassName=MAIN IC Member=R10
Removed Member From Class: ClassName=MAIN IC Member=R17
Change Component Footprint: Designator=P1 Old Footprint=HDR1X2 New Footprint=HDR1X3
Change Component Footprint: Designator=P2 Old Footprint=HDR1X6 New Footprint=HDR1X3
Change Component Comment : Designator=P1 Old Comment=1x2 Header New Comment=1x3 Header
Change Component Comment : Designator=P2 Old Comment=1x6 Header New Comment=1x3 Header
Added Component: Designator=C11(0805 - Capacitor)
Add component (AddParameter): Name = "Manufacturer"; Value = ""; VariantName = "[No Variations]"
Add component (AddParameter): Name = "Manufacturer Part Number"; Value = ""; VariantName = "[No Variations]"
Add component (AddParameter): Name = "Rating"; Value = ""; VariantName = "[No Variations]"
Add component (AddParameter): Name = "Supplier"; Value = ""; VariantName = "[No Variations]"
Add component (AddParameter): Name = "Supplier Part Number"; Value = ""; VariantName = "[No Variations]"
Add component (AddParameter): Name = "Value"; Value = "1uF"; VariantName = "[No Variations]"
Added Component: Designator=P3(HDR1X3)
Added Component: Designator=P4(HDR1X3)
Added Component: Designator=P6(HDR1X3)
Added Pin To Net: NetName=BGND Pin=C11-1
Added Pin To Net: NetName=+12 Pin=P1-1
Added Pin To Net: NetName=I1_P Pin=P1-2
Added Pin To Net: NetName=NetJ5_2 Pin=P1-3
Added Pin To Net: NetName=I1_N Pin=P2-2
Added Pin To Net: NetName=BGND Pin=P2-3
Added Pin To Net: NetName=NetJ3_1 Pin=P3-1
Added Pin To Net: NetName=NetJ3_2 Pin=P4-1
Added Pin To Net: NetName=BGND Pin=P6-1
Added Pin To Net: NetName=IOVCC Pin=P6-2
Added Pin To Net: NetName=NetJ3_1 Pin=R13-1
Added Pin To Net: NetName=IOVCC Pin=R13-2
Added Pin To Net: NetName=IBIAS Pin=P3-2
Added Pin To Net: NetName=IBIAS Pin=U1-28
Added Net: Name=IBIAS
Added Pin To Net: NetName=ICMP Pin=P4-2
Added Pin To Net: NetName=ICMP Pin=U1-27
Added Net: Name=ICMP
Added Pin To Net: NetName=NetC11_2 Pin=C11-2
Added Pin To Net: NetName=NetC11_2 Pin=P6-3
Added Net: Name=NetC11_2
Added Pin To Net: NetName=NetP3_3 Pin=P3-3
Added Pin To Net: NetName=NetP3_3 Pin=R14-2
Added Net: Name=NetP3_3
Added Pin To Net: NetName=RDIVIDER Pin=P4-3
Added Pin To Net: NetName=RDIVIDER Pin=R14-1
Added Pin To Net: NetName=RDIVIDER Pin=R15-1
Added Net: Name=RDIVIDER
Added Member To Class: ClassName=MAIN IC Member=Component C11 Nonpolarized Capacitor
Added Member To Class: ClassName=CONNECTORS Member=Component J2 MOLEX0039301021
Added Member To Class: ClassName=CONNECTORS Member=Component J3 MOLEX0039301021
Added Member To Class: ClassName=CONNECTORS Member=Component J4 MOLEX0039301021
Added Member To Class: ClassName=CONNECTORS Member=Component J5 MOLEX0039301021
Added Member To Class: ClassName=MAIN IC Member=Component P3 1x3 Header
Added Member To Class: ClassName=MAIN IC Member=Component P4 1x3 Header
Added Member To Class: ClassName=MAIN IC Member=Component P6 1x3 Header
Added Room: Name=CONNECTORS
Added Room: Name=MAIN IC
