Removed Pin From Net: NetName=I1_P Pin=P1-2
Removed Pin From Net: NetName=BGND Pin=P2-3
Removed Pin From Net: NetName=RX_N Pin=R12-1
Removed Pin From Net: NetName=RX_P Pin=R12-2
Removed Pin From Net: NetName=RDIVIDER Pin=R15-1
Removed Pin From Net: NetName=BGND Pin=R15-2
Removed Pin From Net: NetName=RX_P Pin=RX+1-1
Removed Pin From Net: NetName=RX_N Pin=RX-1-1
Removed Pin From Net: NetName=RX_N Pin=U1-29
Removed Pin From Net: NetName=RX_P Pin=U1-30
Removed Pin From Net: NetName=NetC8_2 Pin=U1-48
Removed Pin From Net: NetName=NetC8_2 Pin=VBATP1-1
Removed Member From Class: ClassName=CONNECTORS Member=J2
Change Component Footprint: Designator=J3 Old Footprint=MOLEX0039301021 New Footprint=MOLEX0039301042
Change Component Footprint: Designator=J2 Old Footprint=MOLEX0039301021 New Footprint=Molex0050361758
Change Component Comment : Designator=J3 Old Comment=MOLEX0039301021 New Comment=MOLEX0039301042
Change Component Comment : Designator=J2 Old Comment=MOLEX0039301021 New Comment=MOLEX0050361758
Change component parameters: Designator = "R12" ("R12"); Footprint = "0603 - Resistor"; UniqueID = "\ZJJTOBWJ\WNKSKOXW" ("\ZJJTOBWJ\WNKSKOXW")
Change component parameters (AddParameter): Name = "Manufacturer"; Value = ""; VariantName = "[No Variations]"
Change component parameters (AddParameter): Name = "Manufacturer Part Number"; Value = ""; VariantName = "[No Variations]"
Change component parameters (AddParameter): Name = "Rating"; Value = ""; VariantName = "[No Variations]"
Change component parameters (AddParameter): Name = "Supplier"; Value = ""; VariantName = "[No Variations]"
Change component parameters (AddParameter): Name = "Supplier Part Number"; Value = ""; VariantName = "[No Variations]"
Change component parameters (AddParameter): Name = "Value"; Value = "0"; VariantName = "[No Variations]"
Change component parameters: Designator = "R15" ("R15"); Footprint = "0603 - Resistor"; UniqueID = "\ZJJTOBWJ\IXPRSVEE" ("\ZJJTOBWJ\IXPRSVEE")
Change component parameters (AddParameter): Name = "Manufacturer"; Value = ""; VariantName = "[No Variations]"
Change component parameters (AddParameter): Name = "Manufacturer Part Number"; Value = ""; VariantName = "[No Variations]"
Change component parameters (AddParameter): Name = "Rating"; Value = ""; VariantName = "[No Variations]"
Change component parameters (AddParameter): Name = "Supplier"; Value = ""; VariantName = "[No Variations]"
Change component parameters (AddParameter): Name = "Supplier Part Number"; Value = ""; VariantName = "[No Variations]"
Change component parameters (AddParameter): Name = "Value"; Value = "120"; VariantName = "[No Variations]"
Change component parameters: Designator = "J2" ("J2"); Footprint = "MOLEX0039301021"; UniqueID = "\ZJJTOBWJ\MSXQYICH" ("\ZJJTOBWJ\MSXQYICH")
Change component parameters (AddParameter): Name = "ComponentLink1Description"; Value = "Datasheet"; VariantName = "[No Variations]"
Change component parameters (AddParameter): Name = "ComponentLink1URL"; Value = "https://www.molex.com/pdm_docs/ps/PS-5556-001.pdf"; VariantName = "[No Variations]"
Change component parameters (AddParameter): Name = "Manufacturer"; Value = "Molex"; VariantName = "[No Variations]"
Change component parameters (AddParameter): Name = "Manufacturer Part Number"; Value = "0050361758"; VariantName = "[No Variations]"
Change component parameters (AddParameter): Name = "Supplier"; Value = "DigiKey"; VariantName = "[No Variations]"
Change component parameters (AddParameter): Name = "Supplier Part Number"; Value = "0050361758-ND"; VariantName = "[No Variations]"
Change component parameters: Designator = "J3" ("J3"); Footprint = "MOLEX0039301021"; UniqueID = "\XBOVMVQA\MKHJVEEU" ("\XBOVMVQA\MKHJVEEU")
Change component parameters (AddParameter): Name = "ComponentLink1Description"; Value = "Datasheet"; VariantName = "[No Variations]"
Change component parameters (AddParameter): Name = "ComponentLink1URL"; Value = "https://www.molex.com/pdm_docs/sd/039301042_sd.pdf"; VariantName = "[No Variations]"
Change component parameters (AddParameter): Name = "Manufacturer"; Value = "Molex"; VariantName = "[No Variations]"
Change component parameters (AddParameter): Name = "Manufacturer Part Number"; Value = "0039301042"; VariantName = "[No Variations]"
Change component parameters (AddParameter): Name = "Supplier"; Value = "Digikey"; VariantName = "[No Variations]"
Change component parameters (AddParameter): Name = "Supplier Part Number"; Value = "WM21364-ND"; VariantName = "[No Variations]"
Added Component: Designator=J6(Molex0050361758)
Add component (AddParameter): Name = "ComponentLink1Description"; Value = "Datasheet"; VariantName = "[No Variations]"
Add component (AddParameter): Name = "ComponentLink1URL"; Value = "https://www.molex.com/pdm_docs/ps/PS-5556-001.pdf"; VariantName = "[No Variations]"
Add component (AddParameter): Name = "Manufacturer"; Value = "Molex"; VariantName = "[No Variations]"
Add component (AddParameter): Name = "Manufacturer Part Number"; Value = "0050361758"; VariantName = "[No Variations]"
Add component (AddParameter): Name = "Supplier"; Value = "DigiKey"; VariantName = "[No Variations]"
Add component (AddParameter): Name = "Supplier Part Number"; Value = "0050361758-ND"; VariantName = "[No Variations]"
Added Component: Designator=P7(HDR1X2)
Added Component: Designator=R10(0603 - Resistor)
Add component (AddParameter): Name = "Manufacturer"; Value = ""; VariantName = "[No Variations]"
Add component (AddParameter): Name = "Manufacturer Part Number"; Value = ""; VariantName = "[No Variations]"
Add component (AddParameter): Name = "Rating"; Value = ""; VariantName = "[No Variations]"
Add component (AddParameter): Name = "Supplier"; Value = ""; VariantName = "[No Variations]"
Add component (AddParameter): Name = "Supplier Part Number"; Value = ""; VariantName = "[No Variations]"
Add component (AddParameter): Name = "Value"; Value = "0"; VariantName = "[No Variations]"
Added Component: Designator=R16(0603 - Resistor)
Add component (AddParameter): Name = "Manufacturer"; Value = ""; VariantName = "[No Variations]"
Add component (AddParameter): Name = "Manufacturer Part Number"; Value = ""; VariantName = "[No Variations]"
Add component (AddParameter): Name = "Rating"; Value = ""; VariantName = "[No Variations]"
Add component (AddParameter): Name = "Supplier"; Value = ""; VariantName = "[No Variations]"
Add component (AddParameter): Name = "Supplier Part Number"; Value = ""; VariantName = "[No Variations]"
Add component (AddParameter): Name = "Value"; Value = "1k"; VariantName = "[No Variations]"
Added Component: Designator=TP1(Test Point)
Added Component: Designator=TP2(Test Point)
Added Component: Designator=TP3(Test Point)
Added Component: Designator=TP4(Test Point)
Added Component: Designator=TP5(Test Point)
Added Component: Designator=TP6(Test Point)
Added Pin To Net: NetName=I1_P Pin=J2-1
Added Pin To Net: NetName=BGND Pin=J2-2
Added Pin To Net: NetName=I1_P Pin=J5-2
Added Pin To Net: NetName=I1_P Pin=J6-1
Added Pin To Net: NetName=BGND Pin=J6-2
Added Pin To Net: NetName=RX_P Pin=P1-3
Added Pin To Net: NetName=RX_N Pin=P2-3
Added Pin To Net: NetName=I1_P Pin=R10-1
Added Pin To Net: NetName=I1_P Pin=R10-2
Added Pin To Net: NetName=BGND Pin=R12-1
Added Pin To Net: NetName=BGND Pin=R12-2
Added Pin To Net: NetName=RX_N Pin=R15-1
Added Pin To Net: NetName=RX_P Pin=R15-2
Added Pin To Net: NetName=RDIVIDER Pin=R16-1
Added Pin To Net: NetName=BGND Pin=R16-2
Added Pin To Net: NetName=I1_P Pin=TP1-1
Added Pin To Net: NetName=I1_P Pin=TP2-1
Added Pin To Net: NetName=BGND Pin=TP3-1
Added Pin To Net: NetName=BGND Pin=TP4-1
Added Pin To Net: NetName=NetC5_1 Pin=TP5-1
Added Pin To Net: NetName=IOVCC Pin=TP6-1
Added Pin To Net: NetName=I1_P Pin=U1-38
Added Pin To Net: NetName=BGND Pin=U1-41
Added Pin To Net: NetName=BGND Pin=U1-42
Change Net Name : Old Net Name=BGND New Net Name=I1_N
Added Pin To Net: NetName=NetJ3_3 Pin=J3-3
Added Pin To Net: NetName=NetJ3_3 Pin=P2-1
Added Net: Name=NetJ3_3
Added Pin To Net: NetName=NetJ3_4 Pin=J3-4
Added Pin To Net: NetName=NetJ3_4 Pin=P1-1
Added Net: Name=NetJ3_4
Added Pin To Net: NetName=NetP1_2 Pin=P1-2
Added Pin To Net: NetName=NetP1_2 Pin=RX+1-1
Added Pin To Net: NetName=NetP1_2 Pin=U1-30
Added Net: Name=NetP1_2
Added Pin To Net: NetName=NetP2_2 Pin=P2-2
Added Pin To Net: NetName=NetP2_2 Pin=RX-1-1
Added Pin To Net: NetName=NetP2_2 Pin=U1-29
Added Net: Name=NetP2_2
Added Pin To Net: NetName=NetP7_1 Pin=P7-1
Added Pin To Net: NetName=NetP7_1 Pin=U1-15
Added Net: Name=NetP7_1
Added Pin To Net: NetName=NetP7_2 Pin=P7-2
Added Pin To Net: NetName=NetP7_2 Pin=U1-14
Added Net: Name=NetP7_2
Added Pin To Net: NetName=NetU1_48 Pin=U1-48
Added Pin To Net: NetName=NetU1_48 Pin=VBATP1-1
Added Net: Name=NetU1_48
Added Member To Class: ClassName=MAIN IC Member=Component J2 MOLEX0050361758
Added Member To Class: ClassName=MAIN IC Member=Component J6 MOLEX0050361758
Added Member To Class: ClassName=CONNECTORS Member=Component P7 1x2 Header
Added Member To Class: ClassName=MAIN IC Member=Component R10 Resistor
Added Member To Class: ClassName=MAIN IC Member=Component R16 Resistor
Added Member To Class: ClassName=MAIN IC Member=Component TP1 Test Point
Added Member To Class: ClassName=MAIN IC Member=Component TP2 Test Point
Added Member To Class: ClassName=MAIN IC Member=Component TP3 Test Point
Added Member To Class: ClassName=MAIN IC Member=Component TP4 Test Point
Added Member To Class: ClassName=MAIN IC Member=Component TP5 Test Point
Added Member To Class: ClassName=MAIN IC Member=Component TP6 Test Point
Added Room: Name=CONNECTORS
Added Room: Name=MAIN IC
