Removed Pin From Net: NetName=BGND Pin=J2-1
Removed Pin From Net: NetName=IOVCC Pin=J2-2
Removed Pin From Net: NetName=NetJ3_1 Pin=J3-1
Removed Pin From Net: NetName=NetJ3_2 Pin=J3-2
Removed Pin From Net: NetName=VREF Pin=J5-1
Removed Pin From Net: NetName=BGND Pin=J5-2
Removed Pin From Net: NetName=VBAT Pin=J7-1
Removed Pin From Net: NetName=NetJ3_2 Pin=U1-14
Removed Pin From Net: NetName=NetJ3_1 Pin=U1-15
Removed Member From Class: ClassName=MAIN IC Member=J2
Removed Member From Class: ClassName=CONNECTORS Member=J7
Added Component: Designator=J2(MOLEX0039301021)
Added Component: Designator=J3(MOLEX0039301021)
Added Component: Designator=J4(MOLEX0039301021)
Added Component: Designator=J5(MOLEX0039301021)
Added Component: Designator=P1(HDR1X2)
Added Pin To Net: NetName=NetJ3_1 Pin=J3-1
Added Pin To Net: NetName=NetJ3_2 Pin=J3-2
Added Pin To Net: NetName=VREF Pin=J4-1
Added Pin To Net: NetName=BGND Pin=J4-2
Added Pin To Net: NetName=VBAT Pin=J5-1
Added Pin To Net: NetName=BGND Pin=P1-1
Added Pin To Net: NetName=IOVCC Pin=P1-2
Added Pin To Net: NetName=NetJ3_1 Pin=P2-3
Added Pin To Net: NetName=NetJ3_2 Pin=P2-4
Added Pin To Net: NetName=NetJ3_1 Pin=R13-2
Added Pin To Net: NetName=NetJ2_1 Pin=J2-1
Added Pin To Net: NetName=NetJ2_1 Pin=U1-15
Added Net: Name=NetJ2_1
Added Pin To Net: NetName=NetJ2_2 Pin=J2-2
Added Pin To Net: NetName=NetJ2_2 Pin=U1-14
Added Net: Name=NetJ2_2
Added Pin To Net: NetName=NetJ5_2 Pin=J5-2
Added Pin To Net: NetName=NetJ5_2 Pin=R10-2
Added Pin To Net: NetName=NetJ5_2 Pin=U1-38
Added Net: Name=NetJ5_2
Added Member To Class: ClassName=CONNECTORS Member=Component J2 MOLEX0039301021
Added Member To Class: ClassName=MAIN IC Member=Component P1 1x2 Header
Added Room: Name=CONNECTORS
Added Room: Name=MAIN IC
